<?xml version="1.0" encoding="UTF-8"?>
<!-- Generated by org.testng.reporters.JUnitReportReporter -->
<testsuite hostname="DESKTOP-3O7C9ET" failures="0" tests="1" name="Session_5_ValidateHeaders.Test_Headers" time="1.584" errors="0" timestamp="2024-01-23T18:07:57 IST" skipped="0">
  <testcase classname="Session_5_ValidateHeaders.Test_Headers" name="test" time="1.584"/>
</testsuite> <!-- Session_5_ValidateHeaders.Test_Headers -->
