<?xml version="1.0" encoding="UTF-8"?>
<!-- Generated by org.testng.reporters.JUnitReportReporter -->
<testsuite hostname="DESKTOP-3O7C9ET" failures="0" tests="1" name="Session_29_ResponseSpeci.ResponseSpecificationResponseSpecBuilder" time="1.527" errors="0" timestamp="2024-01-26T21:37:08 IST" skipped="0">
  <testcase classname="Session_29_ResponseSpeci.ResponseSpecificationResponseSpecBuilder" name="testA" time="1.527"/>
</testsuite> <!-- Session_29_ResponseSpeci.ResponseSpecificationResponseSpecBuilder -->
