<?xml version="1.0" encoding="UTF-8"?>
<!-- Generated by org.testng.reporters.JUnitReportReporter -->
<testsuite hostname="DESKTOP-3O7C9ET" failures="0" tests="1" name="Session_3.Test_DeleteRequest" time="3.133" errors="0" timestamp="2024-01-23T17:18:29 IST" skipped="0">
  <testcase classname="Session_3.Test_DeleteRequest" name="deletetest" time="3.133"/>
</testsuite> <!-- Session_3.Test_DeleteRequest -->
