<?xml version="1.0" encoding="UTF-8"?>
<!-- Generated by org.testng.reporters.JUnitReportReporter -->
<testsuite hostname="DESKTOP-3O7C9ET" failures="0" tests="1" name="Session_8_Basic_DigestAuths.AuthTest" time="2.762" errors="0" timestamp="2024-01-24T08:12:46 IST" skipped="0">
  <testcase classname="Session_8_Basic_DigestAuths.AuthTest" name="digestTest" time="2.762"/>
</testsuite> <!-- Session_8_Basic_DigestAuths.AuthTest -->
