<?xml version="1.0" encoding="UTF-8"?>
<!-- Generated by org.testng.reporters.JUnitReportReporter -->
<testsuite hostname="DESKTOP-3O7C9ET" failures="0" tests="1" name="Session_30_JSONSchemaValidation.SchemaValidation" time="3.086" errors="0" timestamp="2024-01-26T22:29:57 IST" skipped="0">
  <testcase classname="Session_30_JSONSchemaValidation.SchemaValidation" name="jsonSchemaValidation" time="3.086"/>
</testsuite> <!-- Session_30_JSONSchemaValidation.SchemaValidation -->
