<?xml version="1.0" encoding="UTF-8"?>
<!-- Generated by org.testng.reporters.JUnitReportReporter -->
<testsuite hostname="DESKTOP-3O7C9ET" failures="0" tests="1" name="Session_3.Test_PatchRequest" time="2.203" errors="0" timestamp="2024-01-23T17:16:14 IST" skipped="0">
  <testcase classname="Session_3.Test_PatchRequest" name="patchtest" time="2.203"/>
</testsuite> <!-- Session_3.Test_PatchRequest -->
