<?xml version="1.0" encoding="UTF-8"?>
<!-- Generated by org.testng.reporters.JUnitReportReporter -->
<testsuite hostname="DESKTOP-3O7C9ET" failures="0" tests="1" name="Session_14_XMLValidation.SendAndRetrieveXMLData" time="1.854" errors="0" timestamp="2024-01-25T13:48:47 IST" skipped="0">
  <testcase classname="Session_14_XMLValidation.SendAndRetrieveXMLData" name="getTravellerData" time="1.854"/>
</testsuite> <!-- Session_14_XMLValidation.SendAndRetrieveXMLData -->
