<?xml version="1.0" encoding="UTF-8"?>
<!-- Generated by org.testng.reporters.JUnitReportReporter -->
<testsuite hostname="DESKTOP-3O7C9ET" failures="0" tests="1" name="Session_15_HashMapSendData.HashMapSendData" time="1.851" errors="0" timestamp="2024-01-25T17:07:09 IST" skipped="0">
  <testcase classname="Session_15_HashMapSendData.HashMapSendData" name="testA" time="1.851"/>
</testsuite> <!-- Session_15_HashMapSendData.HashMapSendData -->
