<?xml version="1.0" encoding="UTF-8"?>
<!-- Generated by org.testng.reporters.JUnitReportReporter -->
<testsuite hostname="DESKTOP-3O7C9ET" failures="0" tests="1" name="Session_3.Test_PostRequest" time="2.237" errors="0" timestamp="2024-01-23T17:15:37 IST" skipped="0">
  <testcase classname="Session_3.Test_PostRequest" name="posttest" time="2.237"/>
</testsuite> <!-- Session_3.Test_PostRequest -->
