<?xml version="1.0" encoding="UTF-8"?>
<!-- Generated by org.testng.reporters.JUnitReportReporter -->
<testsuite hostname="DESKTOP-3O7C9ET" failures="0" tests="1" name="Session_9_BearerToken.BearerTest" time="16.977" errors="0" timestamp="2024-01-24T08:39:05 IST" skipped="0">
  <testcase classname="Session_9_BearerToken.BearerTest" name="testBearer" time="16.977"/>
</testsuite> <!-- Session_9_BearerToken.BearerTest -->
