<?xml version="1.0" encoding="UTF-8"?>
<!-- Generated by org.testng.reporters.JUnitReportReporter -->
<testsuite hostname="DESKTOP-3O7C9ET" failures="0" tests="1" name="Session_7_QueryPathParams.Demo" time="2.985" errors="0" timestamp="2024-01-31T18:58:51 IST" skipped="0">
  <testcase classname="Session_7_QueryPathParams.Demo" name="test" time="2.985"/>
</testsuite> <!-- Session_7_QueryPathParams.Demo -->
