<?xml version="1.0" encoding="UTF-8"?>
<!-- Generated by org.testng.reporters.JUnitReportReporter -->
<testsuite hostname="DESKTOP-3O7C9ET" failures="0" tests="1" name="Session_18_headers.SendHeaders" time="1.485" errors="0" timestamp="2024-01-26T21:17:07 IST" skipped="0">
  <testcase classname="Session_18_headers.SendHeaders" name="testA" time="1.485"/>
</testsuite> <!-- Session_18_headers.SendHeaders -->
