<?xml version="1.0" encoding="UTF-8"?>
<!-- Generated by org.testng.reporters.JUnitReportReporter -->
<testsuite hostname="DESKTOP-3O7C9ET" failures="0" tests="1" name="Session_6_ResponseBodyValidation.ResponseValidate" time="2.263" errors="0" timestamp="2024-01-23T19:38:05 IST" skipped="0">
  <testcase classname="Session_6_ResponseBodyValidation.ResponseValidate" name="testA" time="2.263"/>
</testsuite> <!-- Session_6_ResponseBodyValidation.ResponseValidate -->
