<?xml version="1.0" encoding="UTF-8"?>
<!-- Generated by org.testng.reporters.JUnitReportReporter -->
<testsuite hostname="DESKTOP-3O7C9ET" failures="0" tests="1" name="Session_18Fileupload.FileUpload" time="2.332" errors="0" timestamp="2024-01-25T22:10:23 IST" skipped="0">
  <testcase classname="Session_18Fileupload.FileUpload" name="uploadFile" time="2.332"/>
</testsuite> <!-- Session_18Fileupload.FileUpload -->
