<?xml version="1.0" encoding="UTF-8"?>
<!-- Generated by org.testng.reporters.JUnitReportReporter -->
<testsuite hostname="DESKTOP-3O7C9ET" failures="0" tests="1" name="Session_17_JacksonAPI.JacksonAPIAllMethods" time="0.212" errors="0" timestamp="2024-01-25T18:06:57 IST" skipped="0">
  <testcase classname="Session_17_JacksonAPI.JacksonAPIAllMethods" name="testA" time="0.212"/>
</testsuite> <!-- Session_17_JacksonAPI.JacksonAPIAllMethods -->
