<?xml version="1.0" encoding="UTF-8"?>
<!-- Generated by org.testng.reporters.JUnitReportReporter -->
<testsuite hostname="DESKTOP-3O7C9ET" failures="0" tests="1" name="Session_13_RequestSpecificationDataRetrieve.DataRetrieve" time="0.508" errors="0" timestamp="2024-01-25T12:41:41 IST" skipped="0">
  <testcase classname="Session_13_RequestSpecificationDataRetrieve.DataRetrieve" name="testA" time="0.508"/>
</testsuite> <!-- Session_13_RequestSpecificationDataRetrieve.DataRetrieve -->
