<?xml version="1.0" encoding="UTF-8"?>
<!-- Generated by org.testng.reporters.JUnitReportReporter -->
<testsuite hostname="DESKTOP-3O7C9ET" failures="0" tests="1" name="Session2.SampleGetRequest" time="2.446" errors="0" timestamp="2024-01-23T15:47:28 IST" skipped="0">
  <testcase classname="Session2.SampleGetRequest" name="getreq" time="2.446"/>
</testsuite> <!-- Session2.SampleGetRequest -->
