<?xml version="1.0" encoding="UTF-8"?>
<!-- Generated by org.testng.reporters.JUnitReportReporter -->
<testsuite hostname="DESKTOP-3O7C9ET" failures="0" tests="1" name="Session_12_SerialAndDeserial.Deserialization" time="2.169" errors="0" timestamp="2024-01-24T14:48:01 IST" skipped="0">
  <testcase classname="Session_12_SerialAndDeserial.Deserialization" name="Deserial" time="2.169"/>
</testsuite> <!-- Session_12_SerialAndDeserial.Deserialization -->
