<?xml version="1.0" encoding="UTF-8"?>
<!-- Generated by org.testng.reporters.JUnitReportReporter -->
<testsuite hostname="DESKTOP-3O7C9ET" failures="0" tests="1" name="Session_24_ExcludeDataPayload.ExcludeNullDefaultEmptyValuesInPayload" time="0.230" errors="0" timestamp="2024-01-26T18:59:16 IST" skipped="0">
  <testcase classname="Session_24_ExcludeDataPayload.ExcludeNullDefaultEmptyValuesInPayload" name="testA" time="0.230"/>
</testsuite> <!-- Session_24_ExcludeDataPayload.ExcludeNullDefaultEmptyValuesInPayload -->
